============================= test session starts ==============================
platform linux -- Python 3.11.15, pytest-9.0.3, pluggy-1.6.0 -- /usr/local/bin/python3.11
cachedir: .pytest_cache
rootdir: /work/wt/US-002
configfile: pytest.ini
plugins: Faker-40.21.0, asyncio-1.4.0, mock-3.15.1, cov-7.1.0, anyio-4.13.0
asyncio: mode=Mode.AUTO, debug=False, asyncio_default_fixture_loop_scope=None, asyncio_default_test_loop_scope=function
collecting ... collected 29 items

tests/unit/test_US_002_audit_inventory.py::TestFinding::test_from_dict_normalises_severity PASSED [  3%]
tests/unit/test_US_002_audit_inventory.py::TestFinding::test_from_dict_normalises_fix_class PASSED [  6%]
tests/unit/test_US_002_audit_inventory.py::TestFinding::test_from_dict_missing_optional_field PASSED [ 10%]
tests/unit/test_US_002_audit_inventory.py::TestAuditInventory::test_total_count PASSED [ 13%]
tests/unit/test_US_002_audit_inventory.py::TestAuditInventory::test_findings_returns_copy PASSED [ 17%]
tests/unit/test_US_002_audit_inventory.py::TestAuditInventory::test_counts_by_severity_all_levels_present PASSED [ 20%]
tests/unit/test_US_002_audit_inventory.py::TestAuditInventory::test_counts_by_severity_values PASSED [ 24%]
tests/unit/test_US_002_audit_inventory.py::TestAuditInventory::test_counts_sum_to_total PASSED [ 27%]
tests/unit/test_US_002_audit_inventory.py::TestAuditInventory::test_counts_by_fix_class PASSED [ 31%]
tests/unit/test_US_002_audit_inventory.py::TestAuditInventory::test_top_components_length_capped PASSED [ 34%]
tests/unit/test_US_002_audit_inventory.py::TestAuditInventory::test_top_components_sorted_by_count_desc PASSED [ 37%]
tests/unit/test_US_002_audit_inventory.py::TestAuditInventory::test_top_components_returns_component_summary PASSED [ 41%]
tests/unit/test_US_002_audit_inventory.py::TestAuditInventory::test_by_severity_critical PASSED [ 44%]
tests/unit/test_US_002_audit_inventory.py::TestAuditInventory::test_by_severity_case_insensitive PASSED [ 48%]
tests/unit/test_US_002_audit_inventory.py::TestAuditInventory::test_by_severity_empty_for_unknown PASSED [ 51%]
tests/unit/test_US_002_audit_inventory.py::TestAuditInventory::test_by_fix_class_rewrite PASSED [ 55%]
tests/unit/test_US_002_audit_inventory.py::TestAuditInventory::test_by_component_known PASSED [ 58%]
tests/unit/test_US_002_audit_inventory.py::TestAuditInventory::test_by_component_unknown PASSED [ 62%]
tests/unit/test_US_002_audit_inventory.py::TestAuditInventory::test_critical_findings_limit PASSED [ 65%]
tests/unit/test_US_002_audit_inventory.py::TestAuditInventory::test_critical_findings_sorted_by_component PASSED [ 68%]
tests/unit/test_US_002_audit_inventory.py::TestAuditInventory::test_pattern_summary_keys PASSED [ 72%]
tests/unit/test_US_002_audit_inventory.py::TestAuditInventory::test_pattern_summary_values_non_negative PASSED [ 75%]
tests/unit/test_US_002_audit_inventory.py::TestAuditInventory::test_pattern_summary_shell_scripts PASSED [ 79%]
tests/unit/test_US_002_audit_inventory.py::TestRealFindings::test_US_002_total_is_480 PASSED [ 82%]
tests/unit/test_US_002_audit_inventory.py::TestRealFindings::test_US_002_critical_count PASSED [ 86%]
tests/unit/test_US_002_audit_inventory.py::TestRealFindings::test_US_002_high_count PASSED [ 89%]
tests/unit/test_US_002_audit_inventory.py::TestRealFindings::test_US_002_severity_sum PASSED [ 93%]
tests/unit/test_US_002_audit_inventory.py::TestRealFindings::test_US_002_top_component_has_findings PASSED [ 96%]
tests/unit/test_US_002_audit_inventory.py::TestRealFindings::test_US_002_pattern_summary_stub_managers_nonzero PASSED [100%]

=============================== warnings summary ===============================
../../../usr/local/lib/python3.11/site-packages/_pytest/config/__init__.py:1434
  /usr/local/lib/python3.11/site-packages/_pytest/config/__init__.py:1434: PytestConfigWarning: Unknown config option: timeout
  
    self._warn_or_fail_if_strict(f"Unknown config option: {key}\n")

../../../usr/local/lib/python3.11/site-packages/_pytest/config/__init__.py:1434
  /usr/local/lib/python3.11/site-packages/_pytest/config/__init__.py:1434: PytestConfigWarning: Unknown config option: timeout_method
  
    self._warn_or_fail_if_strict(f"Unknown config option: {key}\n")

-- Docs: https://docs.pytest.org/en/stable/how-to/capture-warnings.html
================================ tests coverage ================================
_______________ coverage: platform linux, python 3.11.15-final-0 _______________

Name                           Stmts   Miss  Cover   Missing
------------------------------------------------------------
src/__init__.py                    3      0   100%
src/audit_inventory.py            85      0   100%
src/config.py                     72      0   100%
src/diagnostics_manager.py        82     66    20%   20-21, 25-30, 43-81, 97-154, 170-215, 219, 232, 246, 257, 268
src/documentation_manager.py     219    191    13%   26-38, 42-49, 53-66, 70-88, 92-138, 142-174, 178-190, 194-214, 218-249, 254-262, 266-278, 282, 330-374, 378-380, 384-399, 403-414
src/enhanced_tools.py              6      6     0%   6-405
src/github_issues_manager.py     294    263    11%   25-58, 62-73, 77-143, 147-167, 171-187, 192-223, 227-233, 237-246, 250-272, 276-294, 298-306, 330-355, 359-384, 388-408, 413-460, 464-476, 480-516, 521-539, 543-571, 575-618
src/health_check.py               32     32     0%   5-64
src/helm_manager.py              215    178    17%   14-15, 27-34, 38-43, 47-84, 94-98, 111-139, 149-169, 175-191, 197-207, 214-221, 228-237, 243-250, 257-266, 272-288, 296-303, 307, 311-316, 320, 329-336, 342-347, 355-371, 377, 382-387, 392-397, 401, 405, 409, 415, 420-447
src/k8s_manager.py                57     46    19%   20-23, 27-34, 46-89, 102-164, 178-210
src/kubectl_manager.py           221    186    16%   16-17, 29-34, 38-43, 47-75, 85-91, 95-102, 110-123, 128-132, 137-141, 146-150, 155-168, 174-185, 190-194, 200-206, 211-215, 220-235, 240-244, 248-252, 256-267, 274-317, 327-354, 364-377, 390, 396-506, 518-534
src/logger.py                     54     37    31%   35-109, 128-134, 139-144, 149-155, 160-165, 171, 179
src/main.py                      108    108     0%   17-217
src/mcp_server.py                100     78    22%   52-77, 82-619, 625-653
src/mcp_server_backup.py         108    108     0%   17-217
src/monitoring_manager.py         87     67    23%   20-21, 25-30, 45-73, 90-146, 161-190, 194-218, 222, 234, 246, 258, 277, 292, 305, 319
src/security_manager.py           68     51    25%   20-21, 25-30, 45-89, 93, 120, 154, 180, 205, 237-249, 253, 276
------------------------------------------------------------
TOTAL                           1811   1417    22%
Coverage HTML written to dir reports/coverage
============================= slowest 10 durations =============================
0.01s setup    tests/unit/test_US_002_audit_inventory.py::TestFinding::test_from_dict_normalises_severity
0.01s setup    tests/unit/test_US_002_audit_inventory.py::TestRealFindings::test_US_002_total_is_480
0.01s setup    tests/unit/test_US_002_audit_inventory.py::TestRealFindings::test_US_002_critical_count
0.01s setup    tests/unit/test_US_002_audit_inventory.py::TestRealFindings::test_US_002_top_component_has_findings
0.01s setup    tests/unit/test_US_002_audit_inventory.py::TestRealFindings::test_US_002_high_count
0.01s setup    tests/unit/test_US_002_audit_inventory.py::TestAuditInventory::test_total_count
0.01s setup    tests/unit/test_US_002_audit_inventory.py::TestRealFindings::test_US_002_severity_sum
0.01s setup    tests/unit/test_US_002_audit_inventory.py::TestRealFindings::test_US_002_pattern_summary_stub_managers_nonzero
0.00s call     tests/unit/test_US_002_audit_inventory.py::TestRealFindings::test_US_002_top_component_has_findings
0.00s setup    tests/unit/test_US_002_audit_inventory.py::TestAuditInventory::test_pattern_summary_values_non_negative
======================== 29 passed, 2 warnings in 1.24s ========================
